Arguments: 
  /usr/local/Cellar/node/15.4.0/bin/node /usr/local/Cellar/yarn/1.22.10/libexec/bin/yarn.js install

PATH: 
  /Applications/MAMP/bin/php/php7.4.21/bin:/Users/jhenckens/bin:/usr/local/bin:/usr/local/bin:/usr/bin:/bin:/usr/sbin:/sbin:/usr/local/bin:/usr/bin:/bin:/usr/sbin:/sbin:/Applications/Wireshark.app/Contents/MacOS

Yarn version: 
  1.22.10

Node version: 
  15.4.0

Platform: 
  darwin x64

Trace: 
  SyntaxError: /Users/jhenckens/Code/craft-cookie-banner/package.json: Unexpected token } in JSON at position 1069
      at JSON.parse (<anonymous>)
      at /usr/local/Cellar/yarn/1.22.10/libexec/lib/cli.js:1625:59
      at Generator.next (<anonymous>)
      at step (/usr/local/Cellar/yarn/1.22.10/libexec/lib/cli.js:310:30)
      at /usr/local/Cellar/yarn/1.22.10/libexec/lib/cli.js:321:13

npm manifest: 
  {
    "private": true,
    "config": {
      "path": {
        "src": "src/assetbundles/cookiebanner/src",
        "public": "src/assetbundles/cookiebanner/dist"
      }
    },
    "scripts": {
      "dev": "webpack --env NODE_ENV=development --progress",
      "watch": "webpack --env NODE_ENV=development --progress --watch",
      "prod": "webpack --env NODE_ENV=production"
    },
    "devDependencies": {
      "@babel/core": "^7.14.3",
      "@babel/preset-env": "^7.14.4",
      "autoprefixer": "^10.2.6",
      "babel-loader": "^8.2.2",
      "clean-webpack-plugin": "^3.0.0",
      "copy-webpack-plugin": "^9.0.0",
      "core-js": "^3.14.0",
      "dotenv-webpack": "^7.0.3",
      "eslint": "7.28.0",
      "eslint-webpack-plugin": "^2.5.4",
      "globby": "^11.0.3",
      "html-webpack-plugin": "^5.3.1",
      "lodash": "^4.17.21",
      "promise-polyfill": "^8.2.0",
      "terser-webpack-plugin": "^5.1.3",
      "tiny-lr": "^2.0.0",
      "ts-loader": "^9.2.3",
      "typescript": "4.2.3",
      "webpack": "^5.38.1",
      "webpack-cli": "^4.7.2",
      "webpack-dev-server": "^3.11.2",
      "wicg-inert": "^3.1.1",
    }
  }

yarn manifest: 
  No manifest

Lockfile: 
  No lockfile
